Determining if the pthread_create exist failed with the following output:
Change Dir: /mnt/hgfs/UbuntuShare/HPS3D_SDK_ROS_DEMO/build/CMakeFiles/CMakeTmp

Run Build Command:"/usr/bin/make" "cmTC_817fb/fast"
/usr/bin/make -f CMakeFiles/cmTC_817fb.dir/build.make CMakeFiles/cmTC_817fb.dir/build
make[1]: Entering directory '/mnt/hgfs/UbuntuShare/HPS3D_SDK_ROS_DEMO/build/CMakeFiles/CMakeTmp'
Building C object CMakeFiles/cmTC_817fb.dir/CheckSymbolExists.c.o
/usr/bin/cc    -o CMakeFiles/cmTC_817fb.dir/CheckSymbolExists.c.o   -c /mnt/hgfs/UbuntuShare/HPS3D_SDK_ROS_DEMO/build/CMakeFiles/CMakeTmp/CheckSymbolExists.c
Linking C executable cmTC_817fb
/opt/cmake-3.9.1/bin/cmake -E cmake_link_script CMakeFiles/cmTC_817fb.dir/link.txt --verbose=1
/usr/bin/cc      -rdynamic CMakeFiles/cmTC_817fb.dir/CheckSymbolExists.c.o  -o cmTC_817fb 
CMakeFiles/cmTC_817fb.dir/CheckSymbolExists.c.o：在函数‘main’中：
CheckSymbolExists.c:(.text+0x16)：对‘pthread_create’未定义的引用
collect2: error: ld returned 1 exit status
CMakeFiles/cmTC_817fb.dir/build.make:97: recipe for target 'cmTC_817fb' failed
make[1]: *** [cmTC_817fb] Error 1
make[1]: Leaving directory '/mnt/hgfs/UbuntuShare/HPS3D_SDK_ROS_DEMO/build/CMakeFiles/CMakeTmp'
Makefile:126: recipe for target 'cmTC_817fb/fast' failed
make: *** [cmTC_817fb/fast] Error 2

File /mnt/hgfs/UbuntuShare/HPS3D_SDK_ROS_DEMO/build/CMakeFiles/CMakeTmp/CheckSymbolExists.c:
/* */
#include <pthread.h>

int main(int argc, char** argv)
{
  (void)argv;
#ifndef pthread_create
  return ((int*)(&pthread_create))[argc];
#else
  (void)argc;
  return 0;
#endif
}

Determining if the function pthread_create exists in the pthreads failed with the following output:
Change Dir: /mnt/hgfs/UbuntuShare/HPS3D_SDK_ROS_DEMO/build/CMakeFiles/CMakeTmp

Run Build Command:"/usr/bin/make" "cmTC_8f331/fast"
/usr/bin/make -f CMakeFiles/cmTC_8f331.dir/build.make CMakeFiles/cmTC_8f331.dir/build
make[1]: Entering directory '/mnt/hgfs/UbuntuShare/HPS3D_SDK_ROS_DEMO/build/CMakeFiles/CMakeTmp'
Building C object CMakeFiles/cmTC_8f331.dir/CheckFunctionExists.c.o
/usr/bin/cc   -DCHECK_FUNCTION_EXISTS=pthread_create   -o CMakeFiles/cmTC_8f331.dir/CheckFunctionExists.c.o   -c /opt/cmake-3.9.1/share/cmake-3.9/Modules/CheckFunctionExists.c
Linking C executable cmTC_8f331
/opt/cmake-3.9.1/bin/cmake -E cmake_link_script CMakeFiles/cmTC_8f331.dir/link.txt --verbose=1
/usr/bin/cc  -DCHECK_FUNCTION_EXISTS=pthread_create    -rdynamic CMakeFiles/cmTC_8f331.dir/CheckFunctionExists.c.o  -o cmTC_8f331 -lpthreads 
/usr/bin/ld: 找不到 -lpthreads
collect2: error: ld returned 1 exit status
CMakeFiles/cmTC_8f331.dir/build.make:97: recipe for target 'cmTC_8f331' failed
make[1]: *** [cmTC_8f331] Error 1
make[1]: Leaving directory '/mnt/hgfs/UbuntuShare/HPS3D_SDK_ROS_DEMO/build/CMakeFiles/CMakeTmp'
Makefile:126: recipe for target 'cmTC_8f331/fast' failed
make: *** [cmTC_8f331/fast] Error 2


