Determining if the pthread_create exist failed with the following output:
Change Dir: /home/kevin/eclipse-workspace/HPS3D160-SDK/demo/HPS3D160-ROS_Demo/build/CMakeFiles/CMakeTmp

Run Build Command:"/usr/bin/make" "cmTC_5f3d1/fast"
/usr/bin/make -f CMakeFiles/cmTC_5f3d1.dir/build.make CMakeFiles/cmTC_5f3d1.dir/build
make[1]: Entering directory '/home/kevin/eclipse-workspace/HPS3D160-SDK/demo/HPS3D160-ROS_Demo/build/CMakeFiles/CMakeTmp'
Building C object CMakeFiles/cmTC_5f3d1.dir/CheckSymbolExists.c.o
/usr/bin/cc    -o CMakeFiles/cmTC_5f3d1.dir/CheckSymbolExists.c.o   -c /home/kevin/eclipse-workspace/HPS3D160-SDK/demo/HPS3D160-ROS_Demo/build/CMakeFiles/CMakeTmp/CheckSymbolExists.c
Linking C executable cmTC_5f3d1
/opt/cmake-3.9.1/bin/cmake -E cmake_link_script CMakeFiles/cmTC_5f3d1.dir/link.txt --verbose=1
/usr/bin/cc      -rdynamic CMakeFiles/cmTC_5f3d1.dir/CheckSymbolExists.c.o  -o cmTC_5f3d1 
CMakeFiles/cmTC_5f3d1.dir/CheckSymbolExists.c.o：在函数‘main’中：
CheckSymbolExists.c:(.text+0x16)：对‘pthread_create’未定义的引用
collect2: error: ld returned 1 exit status
CMakeFiles/cmTC_5f3d1.dir/build.make:97: recipe for target 'cmTC_5f3d1' failed
make[1]: *** [cmTC_5f3d1] Error 1
make[1]: Leaving directory '/home/kevin/eclipse-workspace/HPS3D160-SDK/demo/HPS3D160-ROS_Demo/build/CMakeFiles/CMakeTmp'
Makefile:126: recipe for target 'cmTC_5f3d1/fast' failed
make: *** [cmTC_5f3d1/fast] Error 2

File /home/kevin/eclipse-workspace/HPS3D160-SDK/demo/HPS3D160-ROS_Demo/build/CMakeFiles/CMakeTmp/CheckSymbolExists.c:
/* */
#include <pthread.h>

int main(int argc, char** argv)
{
  (void)argv;
#ifndef pthread_create
  return ((int*)(&pthread_create))[argc];
#else
  (void)argc;
  return 0;
#endif
}

Determining if the function pthread_create exists in the pthreads failed with the following output:
Change Dir: /home/kevin/eclipse-workspace/HPS3D160-SDK/demo/HPS3D160-ROS_Demo/build/CMakeFiles/CMakeTmp

Run Build Command:"/usr/bin/make" "cmTC_2c2c0/fast"
/usr/bin/make -f CMakeFiles/cmTC_2c2c0.dir/build.make CMakeFiles/cmTC_2c2c0.dir/build
make[1]: Entering directory '/home/kevin/eclipse-workspace/HPS3D160-SDK/demo/HPS3D160-ROS_Demo/build/CMakeFiles/CMakeTmp'
Building C object CMakeFiles/cmTC_2c2c0.dir/CheckFunctionExists.c.o
/usr/bin/cc   -DCHECK_FUNCTION_EXISTS=pthread_create   -o CMakeFiles/cmTC_2c2c0.dir/CheckFunctionExists.c.o   -c /opt/cmake-3.9.1/share/cmake-3.9/Modules/CheckFunctionExists.c
Linking C executable cmTC_2c2c0
/opt/cmake-3.9.1/bin/cmake -E cmake_link_script CMakeFiles/cmTC_2c2c0.dir/link.txt --verbose=1
/usr/bin/cc  -DCHECK_FUNCTION_EXISTS=pthread_create    -rdynamic CMakeFiles/cmTC_2c2c0.dir/CheckFunctionExists.c.o  -o cmTC_2c2c0 -lpthreads 
/usr/bin/ld: 找不到 -lpthreads
collect2: error: ld returned 1 exit status
CMakeFiles/cmTC_2c2c0.dir/build.make:97: recipe for target 'cmTC_2c2c0' failed
make[1]: *** [cmTC_2c2c0] Error 1
make[1]: Leaving directory '/home/kevin/eclipse-workspace/HPS3D160-SDK/demo/HPS3D160-ROS_Demo/build/CMakeFiles/CMakeTmp'
Makefile:126: recipe for target 'cmTC_2c2c0/fast' failed
make: *** [cmTC_2c2c0/fast] Error 2


