#
# A fatal error has been detected by the Java Runtime Environment:
#
#  Internal Error (javaCalls.cpp:51), pid=21692, tid=0x0000000000005220
#  guarantee(thread->is_Java_thread()) failed: crucial check - the VM thread cannot and must not escape to Java code
#
# JRE version: Java(TM) SE Runtime Environment (8.0_191-b12) (build 1.8.0_191-b12)
# Java VM: Java HotSpot(TM) 64-Bit Server VM (25.191-b12 mixed mode windows-amd64 compressed oops)
# Failed to write core dump. Minidumps are not enabled by default on client versions of Windows
#
# If you would like to submit a bug report, please visit:
#   http://bugreport.java.com/bugreport/crash.jsp
#

---------------  T H R E A D  ---------------

Current thread (0x000000001c669800):  VMThread [stack: 0x000000001e350000,0x000000001e450000] [id=21024]

Stack: [0x000000001e350000,0x000000001e450000]
[error occurred during error reporting (printing stack bounds), id 0xc0000005]

Native frames: (J=compiled Java code, j=interpreted, Vv=VM code, C=native code)

VM_Operation (0x000000001edaf5c0): GetOrSetLocal, mode: safepoint, requested by thread 0x000000001e5dd000


---------------  P R O C E S S  ---------------

Java Threads: ( => current thread )
  0x000000001e68f800 JavaThread "Service Thread" daemon [_thread_blocked, id=10276, stack(0x000000001f3b0000,0x000000001f4b0000)]
  0x000000001e680800 JavaThread "C1 CompilerThread3" daemon [_thread_blocked, id=13776, stack(0x000000001f2b0000,0x000000001f3b0000)]
  0x000000001e680000 JavaThread "C2 CompilerThread2" daemon [_thread_blocked, id=11608, stack(0x000000001f1b0000,0x000000001f2b0000)]
  0x000000001e67f000 JavaThread "C2 CompilerThread1" daemon [_thread_blocked, id=20400, stack(0x000000001f0b0000,0x000000001f1b0000)]
  0x000000001e676000 JavaThread "C2 CompilerThread0" daemon [_thread_blocked, id=20424, stack(0x000000001efb0000,0x000000001f0b0000)]
  0x000000001e5f9800 JavaThread "JDWP Command Reader" daemon [_thread_in_native, id=6596, stack(0x000000001eeb0000,0x000000001efb0000)]
  0x000000001e5ef000 JavaThread "JDWP Event Helper Thread" daemon [_thread_blocked, id=15416, stack(0x000000001edb0000,0x000000001eeb0000)]
  0x000000001e5dd000 JavaThread "JDWP Transport Listener: dt_socket" daemon [_thread_blocked, id=2132, stack(0x000000001ecb0000,0x000000001edb0000)]
  0x000000001e5d5000 JavaThread "Attach Listener" daemon [_thread_blocked, id=9064, stack(0x000000001ebb0000,0x000000001ecb0000)]
  0x000000001e5d3800 JavaThread "Signal Dispatcher" daemon [_thread_blocked, id=19860, stack(0x000000001eab0000,0x000000001ebb0000)]
  0x000000001e570800 JavaThread "Finalizer" daemon [_thread_blocked, id=2804, stack(0x000000001e950000,0x000000001ea50000)]
  0x0000000002c99000 JavaThread "Reference Handler" daemon [_thread_blocked, id=16144, stack(0x000000001e450000,0x000000001e550000)]
  0x0000000002ba2800 JavaThread "main" [_thread_blocked, id=15600, stack(0x0000000002950000,0x0000000002a50000)]

Other Threads:
=>0x000000001c669800 VMThread [stack: 0x000000001e350000,0x000000001e450000] [id=21024]
  0x000000001e690800 WatcherThread [stack: 0x000000001f4b0000,0x000000001f5b0000] [id=17904]

VM state:at safepoint (normal execution)

VM Mutex/Monitor currently owned by a thread:  ([mutex/lock_event])
[0x00000000025fd2e0] Threads_lock - owner thread: 0x000000001c669800

Heap:
 PSYoungGen      total 75776K, used 15647K [0x000000076b600000, 0x0000000770a80000, 0x00000007c0000000)
  eden space 65024K, 24% used [0x000000076b600000,0x000000076c547f80,0x000000076f580000)
  from space 10752K, 0% used [0x0000000770000000,0x0000000770000000,0x0000000770a80000)
  to   space 10752K, 0% used [0x000000076f580000,0x000000076f580000,0x0000000770000000)
 ParOldGen       total 173568K, used 0K [0x00000006c2200000, 0x00000006ccb80000, 0x000000076b600000)
  object space 173568K, 0% used [0x00000006c2200000,0x00000006c2200000,0x00000006ccb80000)
 Metaspace       used 6133K, capacity 6264K, committed 6400K, reserved 1056768K
  class space    used 679K, capacity 722K, committed 768K, reserved 1048576K

Card table byte_map: [0x0000000012060000,0x0000000012850000] byte_map_base: 0x000000000ea4f000

Marking Bits: (ParMarkBitMap*) 0x0000000075a13e30
 Begin Bits: [0x00000000135a0000, 0x0000000017518000)
 End Bits:   [0x0000000017518000, 0x000000001b490000)

Polling page: 0x0000000000e90000

CodeCache: size=245760Kb used=2755Kb max_used=2880Kb free=243004Kb
 bounds [0x0000000002ca0000, 0x0000000002f80000, 0x0000000011ca0000]
 total_blobs=754 nmethods=443 adapters=232
 compilation: enabled

Compilation events (10 events):
Event: 0.602 Thread 0x000000001e680800 nmethod 436 0x0000000002eff110 code [0x0000000002eff280, 0x0000000002eff5a8]
Event: 0.602 Thread 0x000000001e680800  437       3       org.eclipse.jdt.launching.internal.org.objectweb.asm.FieldWriter::<init> (69 bytes)
Event: 0.602 Thread 0x000000001e680800 nmethod 437 0x0000000002efe390 code [0x0000000002efe540, 0x0000000002efeb28]
Event: 0.602 Thread 0x000000001e680800  438       3       org.eclipse.jdt.launching.internal.org.objectweb.asm.FieldVisitor::<init> (7 bytes)
Event: 0.602 Thread 0x000000001e680800 nmethod 438 0x0000000002efdfd0 code [0x0000000002efe140, 0x0000000002efe2e8]
Event: 1.670 Thread 0x000000001e680000 nmethod 439% 0x0000000002f36ad0 code [0x0000000002f37700, 0x0000000002f59820]
Event: 85.702 Thread 0x000000001e680800  442       3       org.eclipse.jdt.launching.internal.org.objectweb.asm.ClassReader::<init> (367 bytes)
Event: 85.702 Thread 0x000000001e680000  443       4       org.eclipse.jdt.launching.internal.org.objectweb.asm.SymbolTable::addConstantUtf8Reference (101 bytes)
Event: 85.706 Thread 0x000000001e680800 nmethod 442 0x0000000002f344d0 code [0x0000000002f34780, 0x0000000002f35b38]
Event: 85.716 Thread 0x000000001e680000 nmethod 443 0x0000000002f30350 code [0x0000000002f30500, 0x0000000002f31438]

GC Heap History (0 events):
No events

Deoptimization events (2 events):
Event: 0.553 Thread 0x0000000002ba2800 Uncommon trap: reason=unstable_if action=reinterpret pc=0x0000000002e97660 method=java.lang.String.startsWith(Ljava/lang/String;I)Z @ 25
Event: 0.596 Thread 0x0000000002ba2800 Uncommon trap: reason=unstable_if action=reinterpret pc=0x0000000002efd650 method=com.sun.jna.Pointer.setPointer(JLcom/sun/jna/Pointer;)V @ 7

Classes redefined (10 events):
Event: 85.705 Thread 0x000000001c669800 redefined class name=HPS3D_SDK_Test.HPS3D_SDK_Demo, count=1
Event: 137.679 Thread 0x000000001c669800 redefined class name=HPS3D_SDK_Test.HPS3D_SDK_Demo, count=2
Event: 157.711 Thread 0x000000001c669800 redefined class name=HPS3D_SDK_Test.HPS3D_SDK_Demo, count=3
Event: 219.796 Thread 0x000000001c669800 redefined class name=HPS3D_SDK_Test.HPS3D_SDK_Demo, count=4
Event: 251.367 Thread 0x000000001c669800 redefined class name=HPS3D_SDK_Test.HPS3D_SDK_Demo, count=5
Event: 285.913 Thread 0x000000001c669800 redefined class name=HPS3D_SDK_Test.HPS3D_SDK_Demo, count=6
Event: 289.918 Thread 0x000000001c669800 redefined class name=HPS3D_SDK_Test.HPS3D_SDK_Demo, count=7
Event: 330.546 Thread 0x000000001c669800 redefined class name=HPS3D_SDK_Test.HPS3D_SDK_Demo, count=8
Event: 424.091 Thread 0x000000001c669800 redefined class name=HPS3D_SDK_Test.HPS3D_SDK_Demo, count=9
Event: 430.603 Thread 0x000000001c669800 redefined class name=HPS3D_SDK_Test.HPS3D_SDK_Demo, count=10

Internal exceptions (10 events):
Event: 0.026 Thread 0x0000000002ba2800 Exception <a 'java/lang/NoSuchMethodError': Method sun.misc.Unsafe.defineClass(Ljava/lang/String;[BII)Ljava/lang/Class; name or signature does not match> (0x000000076b607cb0) thrown at [C:\re\workspace\8-2-build-windows-amd64-cygwin\jdk8u191\11896\hotspot
Event: 0.026 Thread 0x0000000002ba2800 Exception <a 'java/lang/NoSuchMethodError': Method sun.misc.Unsafe.prefetchRead(Ljava/lang/Object;J)V name or signature does not match> (0x000000076b607f98) thrown at [C:\re\workspace\8-2-build-windows-amd64-cygwin\jdk8u191\11896\hotspot\src\share\vm\prim
Event: 0.348 Thread 0x0000000002ba2800 Exception <a 'java/security/PrivilegedActionException'> (0x000000076bf02ef8) thrown at [C:\re\workspace\8-2-build-windows-amd64-cygwin\jdk8u191\11896\hotspot\src\share\vm\prims\jvm.cpp, line 1435]
Event: 0.348 Thread 0x0000000002ba2800 Exception <a 'java/security/PrivilegedActionException'> (0x000000076bf03108) thrown at [C:\re\workspace\8-2-build-windows-amd64-cygwin\jdk8u191\11896\hotspot\src\share\vm\prims\jvm.cpp, line 1435]
Event: 0.348 Thread 0x0000000002ba2800 Exception <a 'java/security/PrivilegedActionException'> (0x000000076bf04e40) thrown at [C:\re\workspace\8-2-build-windows-amd64-cygwin\jdk8u191\11896\hotspot\src\share\vm\prims\jvm.cpp, line 1435]
Event: 0.348 Thread 0x0000000002ba2800 Exception <a 'java/security/PrivilegedActionException'> (0x000000076bf05050) thrown at [C:\re\workspace\8-2-build-windows-amd64-cygwin\jdk8u191\11896\hotspot\src\share\vm\prims\jvm.cpp, line 1435]
Event: 0.548 Thread 0x0000000002ba2800 Exception <a 'java/lang/UnsatisfiedLinkError': æ‰¾ä¸åˆ°æŒ‡å®šçš„æ¨¡å—ã€‚
> (0x000000076c11a690) thrown at [C:\re\workspace\8-2-build-windows-amd64-cygwin\jdk8u191\11896\hotspot\src\share\vm\prims\jni.cpp, line 735]
Event: 0.549 Thread 0x0000000002ba2800 Exception <a 'java/lang/UnsatisfiedLinkError': æ‰¾ä¸åˆ°æŒ‡å®šçš„æ¨¡å—ã€‚
> (0x000000076c11a9a0) thrown at [C:\re\workspace\8-2-build-windows-amd64-cygwin\jdk8u191\11896\hotspot\src\share\vm\prims\jni.cpp, line 735]
Event: 0.550 Thread 0x0000000002ba2800 Exception <a 'java/lang/UnsatisfiedLinkError': æ‰¾ä¸åˆ°æŒ‡å®šçš„æ¨¡å—ã€‚
> (0x000000076c11ad40) thrown at [C:\re\workspace\8-2-build-windows-amd64-cygwin\jdk8u191\11896\hotspot\src\share\vm\prims\jni.cpp, line 735]
Event: 0.596 Thread 0x0000000002ba2800 Implicit null exception at 0x0000000002efd57c to 0x0000000002efd62a

Events (10 events):
Event: 434.313 Executing VM operation: GetOwnedMonitorInfo done
Event: 434.728 Executing VM operation: GetCurrentContendedMonitor
Event: 434.728 Executing VM operation: GetCurrentContendedMonitor done
Event: 434.729 Executing VM operation: GetOwnedMonitorInfo
Event: 434.729 Executing VM operation: GetOwnedMonitorInfo done
Event: 435.433 Executing VM operation: GetOwnedMonitorInfo
Event: 435.433 Executing VM operation: GetOwnedMonitorInfo done
Event: 435.433 Executing VM operation: GetCurrentContendedMonitor
Event: 435.433 Executing VM operation: GetCurrentContendedMonitor done
Event: 435.534 Executing VM operation: GetOrSetLocal


Dynamic libraries:
0x00007ff698340000 - 0x00007ff698377000 	D:\java\bin\javaw.exe
0x00007ffa587c0000 - 0x00007ffa589ad000 	C:\Windows\SYSTEM32\ntdll.dll
0x00007ffa55ef0000 - 0x00007ffa55fa3000 	C:\Windows\System32\KERNEL32.DLL
0x00007ffa55290000 - 0x00007ffa55523000 	C:\Windows\System32\KERNELBASE.dll
0x00007ffa56390000 - 0x00007ffa56433000 	C:\Windows\System32\ADVAPI32.dll
0x00007ffa56920000 - 0x00007ffa569be000 	C:\Windows\System32\msvcrt.dll
0x00007ffa56630000 - 0x00007ffa566ce000 	C:\Windows\System32\sechost.dll
0x00007ffa58070000 - 0x00007ffa58192000 	C:\Windows\System32\RPCRT4.dll
0x00007ffa566d0000 - 0x00007ffa56867000 	C:\Windows\System32\USER32.dll
0x00007ffa55870000 - 0x00007ffa55890000 	C:\Windows\System32\win32u.dll
0x00007ffa581b0000 - 0x00007ffa581d9000 	C:\Windows\System32\GDI32.dll
0x00007ffa55550000 - 0x00007ffa556ea000 	C:\Windows\System32\gdi32full.dll
0x00007ffa54aa0000 - 0x00007ffa54b40000 	C:\Windows\System32\msvcp_win.dll
0x00007ffa558f0000 - 0x00007ffa559ea000 	C:\Windows\System32\ucrtbase.dll
0x00007ffa45540000 - 0x00007ffa457b9000 	C:\Windows\WinSxS\amd64_microsoft.windows.common-controls_6595b64144ccf1df_6.0.17763.379_none_05b83be8071c94a1\COMCTL32.dll
0x00007ffa559f0000 - 0x00007ffa55d1d000 	C:\Windows\System32\combase.dll
0x00007ffa557a0000 - 0x00007ffa5581e000 	C:\Windows\System32\bcryptPrimitives.dll
0x00007ffa56140000 - 0x00007ffa5616e000 	C:\Windows\System32\IMM32.DLL
0x0000000074e70000 - 0x0000000074f42000 	D:\java\bin\msvcr100.dll
0x00000000751f0000 - 0x0000000075a94000 	D:\java\bin\server\jvm.dll
0x00007ffa56100000 - 0x00007ffa56108000 	C:\Windows\System32\PSAPI.DLL
0x00007ffa49fb0000 - 0x00007ffa49fba000 	C:\Windows\SYSTEM32\VERSION.dll
0x00007ffa52420000 - 0x00007ffa52444000 	C:\Windows\SYSTEM32\WINMM.dll
0x00007ffa24f90000 - 0x00007ffa24f99000 	C:\Windows\SYSTEM32\WSOCK32.dll
0x00007ffa523f0000 - 0x00007ffa5241d000 	C:\Windows\SYSTEM32\winmmbase.dll
0x00007ffa56170000 - 0x00007ffa561dd000 	C:\Windows\System32\WS2_32.dll
0x00007ffa55820000 - 0x00007ffa5586a000 	C:\Windows\System32\cfgmgr32.dll
0x0000000075100000 - 0x000000007510f000 	D:\java\bin\verify.dll
0x00000000750d0000 - 0x00000000750f9000 	D:\java\bin\java.dll
0x0000000074e30000 - 0x0000000074e65000 	D:\java\bin\jdwp.dll
0x0000000074e20000 - 0x0000000074e28000 	D:\java\bin\npt.dll
0x0000000074df0000 - 0x0000000074e13000 	D:\java\bin\instrument.dll
0x00000000750b0000 - 0x00000000750c6000 	D:\java\bin\zip.dll
0x00007ffa56b80000 - 0x00007ffa58070000 	C:\Windows\System32\SHELL32.dll
0x00007ffa56500000 - 0x00007ffa565a8000 	C:\Windows\System32\shcore.dll
0x00007ffa54b40000 - 0x00007ffa5528a000 	C:\Windows\System32\windows.storage.dll
0x00007ffa547e0000 - 0x00007ffa54804000 	C:\Windows\System32\profapi.dll
0x00007ffa54830000 - 0x00007ffa5488d000 	C:\Windows\System32\powrprof.dll
0x00007ffa55d20000 - 0x00007ffa55d72000 	C:\Windows\System32\shlwapi.dll
0x00007ffa547c0000 - 0x00007ffa547d1000 	C:\Windows\System32\kernel.appcore.dll
0x00007ffa55530000 - 0x00007ffa55547000 	C:\Windows\System32\cryptsp.dll
0x0000000074de0000 - 0x0000000074de9000 	D:\java\bin\dt_socket.dll
0x00007ffa18770000 - 0x00007ffa18786000 	C:\Windows\system32\napinsp.dll
0x00007ffa18750000 - 0x00007ffa1876a000 	C:\Windows\system32\pnrpnsp.dll
0x00007ffa54030000 - 0x00007ffa54097000 	C:\Windows\System32\mswsock.dll
0x00007ffa53de0000 - 0x00007ffa53ea6000 	C:\Windows\SYSTEM32\DNSAPI.dll
0x00007ffa581a0000 - 0x00007ffa581a8000 	C:\Windows\System32\NSI.dll
0x00007ffa53d40000 - 0x00007ffa53d7d000 	C:\Windows\SYSTEM32\IPHLPAPI.DLL
0x00007ffa18740000 - 0x00007ffa1874e000 	C:\Windows\System32\winrnr.dll
0x00007ffa511c0000 - 0x00007ffa511db000 	C:\Windows\system32\NLAapi.dll
0x00007ffa35510000 - 0x00007ffa35525000 	C:\Windows\system32\wshbth.dll
0x00007ffa4ceb0000 - 0x00007ffa4cf29000 	C:\Windows\System32\fwpuclnt.dll
0x00007ffa54890000 - 0x00007ffa548b6000 	C:\Windows\System32\bcrypt.dll
0x00007ffa49f90000 - 0x00007ffa49f9a000 	C:\Windows\System32\rasadhlp.dll
0x00007ffa53ba0000 - 0x00007ffa53bd3000 	C:\Windows\system32\rsaenh.dll
0x00007ffa546f0000 - 0x00007ffa54718000 	C:\Windows\SYSTEM32\USERENV.dll
0x00007ffa54200000 - 0x00007ffa5420c000 	C:\Windows\SYSTEM32\CRYPTBASE.dll
0x0000000075090000 - 0x00000000750aa000 	D:\java\bin\net.dll
0x00007ffa4d8b0000 - 0x00007ffa4d8c6000 	C:\Windows\SYSTEM32\dhcpcsvc6.DLL
0x00007ffa4d890000 - 0x00007ffa4d8ac000 	C:\Windows\SYSTEM32\dhcpcsvc.DLL
0x0000000075070000 - 0x0000000075081000 	D:\java\bin\nio.dll
0x0000000180000000 - 0x0000000180038000 	C:\Users\Kevin\AppData\Local\Temp\jna-72389729\jna7563648987631760908.dll
0x000000006a5c0000 - 0x000000006b60f000 	\\?\F:\JAVA_E~1\HPS3D_~1\bin\LIBHPS~1.DLL
0x0000000064940000 - 0x0000000064955000 	D:\eclipse\minGW\minGW64\mingw64\bin\libwinpthread-1.dll

VM Arguments:
jvm_args: -agentlib:jdwp=transport=dt_socket,suspend=y,address=localhost:49840 -javaagent:D:\eclipse\eclipse java\eclipse\configuration\org.eclipse.osgi\221\0\.cp\lib\javaagent-shaded.jar -Dfile.encoding=GBK 
java_command: HPS3D_SDK_Test.HPS3D_SDK_Demo
java_class_path (initial): F:\java_eclipse_workspace\HPS3D_SDK_Demo\bin;F:\java_eclipse_workspace\HPS3D_SDK_Demo\lib\libhps3d64.jar;D:\eclipse\eclipse java\eclipse\configuration\org.eclipse.osgi\221\0\.cp\lib\javaagent-shaded.jar
Launcher Type: SUN_STANDARD

Environment Variables:
PATH=D:/java/bin/server;D:/java/bin;D:/java/lib/amd64;C:\Program Files (x86)\Common Files\Oracle\Java\javapath;C:\Windows\system32;C:\Windows;C:\Windows\System32\Wbem;C:\Windows\System32\WindowsPowerShell\v1.0\;C:\Windows\System32\OpenSSH\;C:\Program Files\dotnet\;C:\Program Files\Microsoft SQL Server\130\Tools\Binn\;D:\eclipse\minGW\MinGW32\bin;C:\Program Files\TortoiseSVN\bin;D:\KIS\Kingdee\K3ERP\K3Express\KDSYSTEM;D:\eclipse\minGW\minGW64\mingw64\bin;C:\Users\Kevin\AppData\Local\Microsoft\WindowsApps;;D:\python\PyCharm Community Edition 2018.3.4\bin;;F:\Èí¼þ°²×°°ü\eclipse-java;
USERNAME=Kevin
OS=Windows_NT
PROCESSOR_IDENTIFIER=Intel64 Family 6 Model 158 Stepping 9, GenuineIntel



---------------  S Y S T E M  ---------------

OS: Windows 10.0 , 64 bit Build 17763 (10.0.17763.379)

CPU:total 8 (initial active 8) (4 cores per cpu, 2 threads per core) family 6 model 158 stepping 9, cmov, cx8, fxsr, mmx, sse, sse2, sse3, ssse3, sse4.1, sse4.2, popcnt, avx, avx2, aes, clmul, erms, rtm, 3dnowpref, lzcnt, ht, tsc, tscinvbit, bmi1, bmi2, adx

Memory: 4k page, physical 16637848k(5661076k free), swap 19128216k(3750888k free)

vm_info: Java HotSpot(TM) 64-Bit Server VM (25.191-b12) for windows-amd64 JRE (1.8.0_191-b12), built on Oct  6 2018 09:29:03 by "java_re" with MS VC++ 10.0 (VS2010)

time: Tue Mar 19 18:46:11 2019
elapsed time: 435 seconds (0d 0h 7m 15s)

